0 info it worked if it ends with ok
1 verbose cli [ '/Users/andrew/.nvm/versions/node/v7.0.0/bin/node',
1 verbose cli   '/Users/andrew/.nvm/versions/node/v7.0.0/bin/npm',
1 verbose cli   'start' ]
2 info using npm@3.10.8
3 info using node@v7.0.0
4 verbose run-script [ 'prestart', 'start', 'poststart' ]
5 info lifecycle parsley@1.0.0~prestart: parsley@1.0.0
6 silly lifecycle parsley@1.0.0~prestart: no script for prestart, continuing
7 info lifecycle parsley@1.0.0~start: parsley@1.0.0
8 verbose lifecycle parsley@1.0.0~start: unsafe-perm in lifecycle true
9 verbose lifecycle parsley@1.0.0~start: PATH: /Users/andrew/.nvm/versions/node/v7.0.0/lib/node_modules/npm/bin/node-gyp-bin:/Users/andrew/practice/js/node/parsley/node_modules/.bin:/Users/andrew/.rvm/gems/ruby-2.2.2/bin:/Users/andrew/.rvm/gems/ruby-2.2.2@global/bin:/Users/andrew/.rvm/rubies/ruby-2.2.2/bin:/usr/local/sbin:/Users/andrew/.nvm/bin:/Users/andrew/.nvm/versions/node/v7.0.0/bin:/usr/local/opt/rbenv/shims:/usr/local/opt/rbenv/bin:/usr/local/bin:/usr/bin:/bin:/usr/sbin:/sbin:/usr/local/bin:/usr/bin:/bin:/usr/sbin:/sbin:/Users/andrew/activator-dist-1.3.7:/Users/andrew/.rvm/bin
10 verbose lifecycle parsley@1.0.0~start: CWD: /Users/andrew/practice/js/node/parsley
11 silly lifecycle parsley@1.0.0~start: Args: [ '-c', 'webpack && jsdoc server.js && node server.js' ]
12 silly lifecycle parsley@1.0.0~start: Returned: code: 2  signal: null
13 info lifecycle parsley@1.0.0~start: Failed to exec start script
14 verbose stack Error: parsley@1.0.0 start: `webpack && jsdoc server.js && node server.js`
14 verbose stack Exit status 2
14 verbose stack     at EventEmitter.<anonymous> (/Users/andrew/.nvm/versions/node/v7.0.0/lib/node_modules/npm/lib/utils/lifecycle.js:255:16)
14 verbose stack     at emitTwo (events.js:106:13)
14 verbose stack     at EventEmitter.emit (events.js:191:7)
14 verbose stack     at ChildProcess.<anonymous> (/Users/andrew/.nvm/versions/node/v7.0.0/lib/node_modules/npm/lib/utils/spawn.js:40:14)
14 verbose stack     at emitTwo (events.js:106:13)
14 verbose stack     at ChildProcess.emit (events.js:191:7)
14 verbose stack     at maybeClose (internal/child_process.js:877:16)
14 verbose stack     at Process.ChildProcess._handle.onexit (internal/child_process.js:226:5)
15 verbose pkgid parsley@1.0.0
16 verbose cwd /Users/andrew/practice/js/node/parsley
17 error Darwin 16.1.0
18 error argv "/Users/andrew/.nvm/versions/node/v7.0.0/bin/node" "/Users/andrew/.nvm/versions/node/v7.0.0/bin/npm" "start"
19 error node v7.0.0
20 error npm  v3.10.8
21 error code ELIFECYCLE
22 error parsley@1.0.0 start: `webpack && jsdoc server.js && node server.js`
22 error Exit status 2
23 error Failed at the parsley@1.0.0 start script 'webpack && jsdoc server.js && node server.js'.
23 error Make sure you have the latest version of node.js and npm installed.
23 error If you do, this is most likely a problem with the parsley package,
23 error not with npm itself.
23 error Tell the author that this fails on your system:
23 error     webpack && jsdoc server.js && node server.js
23 error You can get information on how to open an issue for this project with:
23 error     npm bugs parsley
23 error Or if that isn't available, you can get their info via:
23 error     npm owner ls parsley
23 error There is likely additional logging output above.
24 verbose exit [ 1, true ]
